[0m14:36:34.077200 [debug] [MainThread]: Sending event: {'category': 'dbt', 'action': 'invocation', 'label': 'start', 'context': [<snowplow_tracker.self_describing_json.SelfDescribingJson object at 0x000002692C095A50>, <snowplow_tracker.self_describing_json.SelfDescribingJson object at 0x000002692BECEA90>, <snowplow_tracker.self_describing_json.SelfDescribingJson object at 0x000002692C086A50>]}


============================== 14:36:34.079203 | 9f426c4c-32c6-4d8a-a74d-aa4ffbbe6d3a ==============================
[0m14:36:34.079203 [info ] [MainThread]: Running with dbt=1.7.14
[0m14:36:34.080203 [debug] [MainThread]: running dbt with arguments {'printer_width': '80', 'indirect_selection': 'eager', 'write_json': 'True', 'log_cache_events': 'False', 'partial_parse': 'True', 'cache_selected_only': 'False', 'warn_error': 'None', 'fail_fast': 'False', 'profiles_dir': 'C:\\Users\\kabir\\.dbt', 'log_path': 'logs', 'version_check': 'True', 'debug': 'False', 'use_colors': 'True', 'use_experimental_parser': 'False', 'no_print': 'None', 'quiet': 'False', 'log_format': 'default', 'invocation_command': 'dbt init', 'static_parser': 'True', 'introspect': 'True', 'target_path': 'None', 'warn_error_options': 'WarnErrorOptions(include=[], exclude=[])', 'send_anonymous_usage_stats': 'True'}
[0m14:36:34.080203 [warn ] [MainThread]: [ConfigFolderDirectory]: Unable to parse dict {'dir': WindowsPath('C:/Users/kabir/.dbt')}
[0m14:36:34.080203 [info ] [MainThread]: Creating dbt configuration folder at 
[0m14:36:46.843684 [debug] [MainThread]: Starter project path: C:\Users\kabir\AppData\Local\Programs\Python\Python311\Lib\site-packages\dbt\include\starter_project
[0m14:36:46.886124 [info ] [MainThread]: 
Your new dbt project "dbt_snowflake" was created!

For more information on how to configure the profiles.yml file,
please consult the dbt documentation here:

  https://docs.getdbt.com/docs/configure-your-profile

One more thing:

Need help? Don't hesitate to reach out to us via GitHub issues or on Slack:

  https://community.getdbt.com/

Happy modeling!

[0m14:36:46.886124 [info ] [MainThread]: Setting up your profile.
[0m14:37:55.589783 [info ] [MainThread]: Profile dbt_snowflake written to C:\Users\kabir\.dbt\profiles.yml using target's sample configuration. Once updated, you'll be able to start developing with dbt.
[0m14:37:55.590783 [debug] [MainThread]: Command `dbt init` succeeded at 14:37:55.590783 after 81.55 seconds
[0m14:37:55.590783 [debug] [MainThread]: Sending event: {'category': 'dbt', 'action': 'invocation', 'label': 'end', 'context': [<snowplow_tracker.self_describing_json.SelfDescribingJson object at 0x000002692C08CA50>, <snowplow_tracker.self_describing_json.SelfDescribingJson object at 0x0000026925281810>, <snowplow_tracker.self_describing_json.SelfDescribingJson object at 0x000002692530DB10>]}
[0m14:37:55.591784 [debug] [MainThread]: Flushing usage events
[0m15:18:37.554612 [debug] [MainThread]: Sending event: {'category': 'dbt', 'action': 'invocation', 'label': 'start', 'context': [<snowplow_tracker.self_describing_json.SelfDescribingJson object at 0x0000026EFC4F5250>, <snowplow_tracker.self_describing_json.SelfDescribingJson object at 0x0000026EFC4F5990>, <snowplow_tracker.self_describing_json.SelfDescribingJson object at 0x0000026EFC4F7610>]}


============================== 15:18:37.556672 | 914fc89f-c09a-4055-8c21-81ed567823ec ==============================
[0m15:18:37.556672 [info ] [MainThread]: Running with dbt=1.7.14
[0m15:18:37.557676 [debug] [MainThread]: running dbt with arguments {'printer_width': '80', 'indirect_selection': 'eager', 'log_cache_events': 'False', 'write_json': 'True', 'partial_parse': 'True', 'cache_selected_only': 'False', 'profiles_dir': 'C:\\Users\\kabir\\.dbt', 'fail_fast': 'False', 'debug': 'False', 'log_path': 'logs', 'warn_error': 'None', 'version_check': 'True', 'use_colors': 'True', 'use_experimental_parser': 'False', 'no_print': 'None', 'quiet': 'False', 'log_format': 'default', 'static_parser': 'True', 'warn_error_options': 'WarnErrorOptions(include=[], exclude=[])', 'introspect': 'True', 'target_path': 'None', 'invocation_command': 'dbt debug', 'send_anonymous_usage_stats': 'True'}
[0m15:18:37.558676 [info ] [MainThread]: dbt version: 1.7.14
[0m15:18:37.558676 [info ] [MainThread]: python version: 3.11.9
[0m15:18:37.559675 [info ] [MainThread]: python path: C:\Users\kabir\AppData\Local\Programs\Python\Python311\python.exe
[0m15:18:37.559675 [info ] [MainThread]: os info: Windows-10-10.0.26100-SP0
[0m15:18:37.563675 [info ] [MainThread]: Error importing adapter: No module named 'dbt.adapters.snowflake'
[0m15:18:37.563675 [info ] [MainThread]: Using profiles dir at C:\Users\kabir\.dbt
[0m15:18:37.564676 [info ] [MainThread]: Using profiles.yml file at C:\Users\kabir\.dbt\profiles.yml
[0m15:18:37.564676 [info ] [MainThread]: Using dbt_project.yml file at C:\Projects\dbt-snowflake\dbt_project.yml
[0m15:18:37.565676 [info ] [MainThread]: Configuration:
[0m15:18:37.565676 [info ] [MainThread]:   profiles.yml file [[31mERROR invalid[0m]
[0m15:18:37.566677 [info ] [MainThread]:   dbt_project.yml file [[31mERROR not found[0m]
[0m15:18:37.566677 [info ] [MainThread]: Required dependencies:
[0m15:18:37.567676 [debug] [MainThread]: Executing "git --help"
[0m15:18:37.590676 [debug] [MainThread]: STDOUT: "b"usage: git [-v | --version] [-h | --help] [-C <path>] [-c <name>=<value>]\n           [--exec-path[=<path>]] [--html-path] [--man-path] [--info-path]\n           [-p | --paginate | -P | --no-pager] [--no-replace-objects] [--no-lazy-fetch]\n           [--no-optional-locks] [--no-advice] [--bare] [--git-dir=<path>]\n           [--work-tree=<path>] [--namespace=<name>] [--config-env=<name>=<envvar>]\n           <command> [<args>]\n\nThese are common Git commands used in various situations:\n\nstart a working area (see also: git help tutorial)\n   clone      Clone a repository into a new directory\n   init       Create an empty Git repository or reinitialize an existing one\n\nwork on the current change (see also: git help everyday)\n   add        Add file contents to the index\n   mv         Move or rename a file, a directory, or a symlink\n   restore    Restore working tree files\n   rm         Remove files from the working tree and from the index\n\nexamine the history and state (see also: git help revisions)\n   bisect     Use binary search to find the commit that introduced a bug\n   diff       Show changes between commits, commit and working tree, etc\n   grep       Print lines matching a pattern\n   log        Show commit logs\n   show       Show various types of objects\n   status     Show the working tree status\n\ngrow, mark and tweak your common history\n   backfill   Download missing objects in a partial clone\n   branch     List, create, or delete branches\n   commit     Record changes to the repository\n   merge      Join two or more development histories together\n   rebase     Reapply commits on top of another base tip\n   reset      Reset current HEAD to the specified state\n   switch     Switch branches\n   tag        Create, list, delete or verify a tag object signed with GPG\n\ncollaborate (see also: git help workflows)\n   fetch      Download objects and refs from another repository\n   pull       Fetch from and integrate with another repository or a local branch\n   push       Update remote refs along with associated objects\n\n'git help -a' and 'git help -g' list available subcommands and some\nconcept guides. See 'git help <command>' or 'git help <concept>'\nto read about a specific subcommand or concept.\nSee 'git help git' for an overview of the system.\n""
[0m15:18:37.590676 [debug] [MainThread]: STDERR: "b''"
[0m15:18:37.590676 [info ] [MainThread]:  - git [[32mOK found[0m]

[0m15:18:37.591682 [info ] [MainThread]: Connection test skipped since no profile was found
[0m15:18:37.591682 [info ] [MainThread]: [31m2 checks failed:[0m
[0m15:18:37.592676 [info ] [MainThread]: Could not load dbt_project.yml
Profile loading failed for the following reason:
Runtime Error
  Credentials in profile "dbt_snowflake", target "dev" invalid: Runtime Error
    Could not find adapter type snowflake!


[0m15:18:37.592676 [info ] [MainThread]: Project loading failed for the following reason:
 project path <C:\Projects\dbt-snowflake\dbt_project.yml> not found

[0m15:18:37.593675 [debug] [MainThread]: Command `dbt debug` failed at 15:18:37.593675 after 0.08 seconds
[0m15:18:37.593675 [debug] [MainThread]: Sending event: {'category': 'dbt', 'action': 'invocation', 'label': 'end', 'context': [<snowplow_tracker.self_describing_json.SelfDescribingJson object at 0x0000026EF57A2890>, <snowplow_tracker.self_describing_json.SelfDescribingJson object at 0x0000026EFC4FFC50>, <snowplow_tracker.self_describing_json.SelfDescribingJson object at 0x0000026EFC4FC890>]}
[0m15:18:37.593675 [debug] [MainThread]: Flushing usage events
